<?xml version="1.0" encoding="UTF-8"?>
<!-- Generated by org.testng.reporters.JUnitReportReporter -->
<testsuite skipped="0" hostname="KrunalShahs-MacBook-Pro.local" name="selenium_first_automation.Personalise_card" tests="1" failures="0" timestamp="15 Oct 2018 20:45:43 GMT" time="10.242" errors="1">
  <testcase name="personalize_card" time="10.242" classname="selenium_first_automation.Personalise_card">
    <error type="org.openqa.selenium.NoSuchElementException" message="Unable to locate element: //a[@href=&#039;https://www.shutterfly.com/creationpath/bundle/views/type/3/group/3?bundleId=3&amp;amp;productCode=1277535&amp;amp;categoryCode=60412&amp;amp;brand=WPD&amp;amp;skuCode=1277536&amp;amp;sizeIds=23&amp;amp;occasionIds=13&amp;amp;styleIds=779&amp;amp;addOns=FOIL_COLOR%3Agold_foil%2CCARD_SIZE_ID%3A23%2CPAPER_TYPE%3ARegular%2CPAPER_FINISH%3AMatte%2CTRIM%3ARegular&amp;amp;qty=75&amp;amp;useProcSimple=true&#039;]
For documentation on this error, please visit: http://seleniumhq.org/exceptions/no_such_element.html
Build info: version: &#039;3.14.0&#039;, revision: &#039;aacccce0&#039;, time: &#039;2018-08-02T20:13:22.693Z&#039;
System info: host: &#039;KrunalShahs-MacBook-Pro.local&#039;, ip: &#039;192.168.0.39&#039;, os.name: &#039;Mac OS X&#039;, os.arch: &#039;x86_64&#039;, os.version: &#039;10.9.5&#039;, java.version: &#039;1.8.0_181&#039;
Driver info: org.openqa.selenium.firefox.FirefoxDriver
Capabilities {acceptInsecureCerts: true, browserName: firefox, browserVersion: 62.0.2, javascriptEnabled: true, moz:accessibilityChecks: false, moz:geckodriverVersion: 0.22.0, moz:headless: false, moz:processID: 38453, moz:profile: /var/folders/l3/g6q65mx10b7..., moz:useNonSpecCompliantPointerOrigin: false, moz:webdriverClick: true, pageLoadStrategy: normal, platform: MAC, platformName: MAC, platformVersion: 13.4.0, rotatable: false, timeouts: {implicit: 0, pageLoad: 300000, script: 30000}}
Session ID: 0d7f68fd-9872-4441-9165-326f5963b29b
*** Element info: {Using=xpath, value=//a[@href=&#039;https://www.shutterfly.com/creationpath/bundle/views/type/3/group/3?bundleId=3&amp;amp;productCode=1277535&amp;amp;categoryCode=60412&amp;amp;brand=WPD&amp;amp;skuCode=1277536&amp;amp;sizeIds=23&amp;amp;occasionIds=13&amp;amp;styleIds=779&amp;amp;addOns=FOIL_COLOR%3Agold_foil%2CCARD_SIZE_ID%3A23%2CPAPER_TYPE%3ARegular%2CPAPER_FINISH%3AMatte%2CTRIM%3ARegular&amp;amp;qty=75&amp;amp;useProcSimple=true&#039;]}">
      <![CDATA[org.openqa.selenium.NoSuchElementException: Unable to locate element: //a[@href='https://www.shutterfly.com/creationpath/bundle/views/type/3/group/3?bundleId=3&amp;productCode=1277535&amp;categoryCode=60412&amp;brand=WPD&amp;skuCode=1277536&amp;sizeIds=23&amp;occasionIds=13&amp;styleIds=779&amp;addOns=FOIL_COLOR%3Agold_foil%2CCARD_SIZE_ID%3A23%2CPAPER_TYPE%3ARegular%2CPAPER_FINISH%3AMatte%2CTRIM%3ARegular&amp;qty=75&amp;useProcSimple=true']
For documentation on this error, please visit: http://seleniumhq.org/exceptions/no_such_element.html
Build info: version: '3.14.0', revision: 'aacccce0', time: '2018-08-02T20:13:22.693Z'
System info: host: 'KrunalShahs-MacBook-Pro.local', ip: '192.168.0.39', os.name: 'Mac OS X', os.arch: 'x86_64', os.version: '10.9.5', java.version: '1.8.0_181'
Driver info: org.openqa.selenium.firefox.FirefoxDriver
Capabilities {acceptInsecureCerts: true, browserName: firefox, browserVersion: 62.0.2, javascriptEnabled: true, moz:accessibilityChecks: false, moz:geckodriverVersion: 0.22.0, moz:headless: false, moz:processID: 38453, moz:profile: /var/folders/l3/g6q65mx10b7..., moz:useNonSpecCompliantPointerOrigin: false, moz:webdriverClick: true, pageLoadStrategy: normal, platform: MAC, platformName: MAC, platformVersion: 13.4.0, rotatable: false, timeouts: {implicit: 0, pageLoad: 300000, script: 30000}}
Session ID: 0d7f68fd-9872-4441-9165-326f5963b29b
*** Element info: {Using=xpath, value=//a[@href='https://www.shutterfly.com/creationpath/bundle/views/type/3/group/3?bundleId=3&amp;productCode=1277535&amp;categoryCode=60412&amp;brand=WPD&amp;skuCode=1277536&amp;sizeIds=23&amp;occasionIds=13&amp;styleIds=779&amp;addOns=FOIL_COLOR%3Agold_foil%2CCARD_SIZE_ID%3A23%2CPAPER_TYPE%3ARegular%2CPAPER_FINISH%3AMatte%2CTRIM%3ARegular&amp;qty=75&amp;useProcSimple=true']}
at sun.reflect.NativeConstructorAccessorImpl.newInstance0(Native Method)
at sun.reflect.NativeConstructorAccessorImpl.newInstance(NativeConstructorAccessorImpl.java:62)
at sun.reflect.DelegatingConstructorAccessorImpl.newInstance(DelegatingConstructorAccessorImpl.java:45)
at java.lang.reflect.Constructor.newInstance(Constructor.java:423)
at org.openqa.selenium.remote.http.W3CHttpResponseCodec.createException(W3CHttpResponseCodec.java:187)
at org.openqa.selenium.remote.http.W3CHttpResponseCodec.decode(W3CHttpResponseCodec.java:122)
at org.openqa.selenium.remote.http.W3CHttpResponseCodec.decode(W3CHttpResponseCodec.java:49)
at org.openqa.selenium.remote.HttpCommandExecutor.execute(HttpCommandExecutor.java:158)
at org.openqa.selenium.remote.service.DriverCommandExecutor.execute(DriverCommandExecutor.java:83)
at org.openqa.selenium.remote.RemoteWebDriver.execute(RemoteWebDriver.java:548)
at org.openqa.selenium.remote.RemoteWebDriver.findElement(RemoteWebDriver.java:322)
at org.openqa.selenium.remote.RemoteWebDriver.findElementByXPath(RemoteWebDriver.java:424)
at selenium_first_automation.Personalise_card.personalize_card(Personalise_card.java:15)
at sun.reflect.NativeMethodAccessorImpl.invoke0(Native Method)
at sun.reflect.NativeMethodAccessorImpl.invoke(NativeMethodAccessorImpl.java:62)
at sun.reflect.DelegatingMethodAccessorImpl.invoke(DelegatingMethodAccessorImpl.java:43)
at java.lang.reflect.Method.invoke(Method.java:498)
at org.testng.internal.MethodInvocationHelper.invokeMethod(MethodInvocationHelper.java:124)
at org.testng.internal.Invoker.invokeMethod(Invoker.java:580)
at org.testng.internal.Invoker.invokeTestMethod(Invoker.java:716)
at org.testng.internal.Invoker.invokeTestMethods(Invoker.java:988)
at org.testng.internal.TestMethodWorker.invokeTestMethods(TestMethodWorker.java:125)
at org.testng.internal.TestMethodWorker.run(TestMethodWorker.java:109)
at org.testng.TestRunner.privateRun(TestRunner.java:648)
at org.testng.TestRunner.run(TestRunner.java:505)
at org.testng.SuiteRunner.runTest(SuiteRunner.java:455)
at org.testng.SuiteRunner.runSequentially(SuiteRunner.java:450)
at org.testng.SuiteRunner.privateRun(SuiteRunner.java:415)
at org.testng.SuiteRunner.run(SuiteRunner.java:364)
at org.testng.SuiteRunnerWorker.runSuite(SuiteRunnerWorker.java:52)
at org.testng.SuiteRunnerWorker.run(SuiteRunnerWorker.java:84)
at org.testng.TestNG.runSuitesSequentially(TestNG.java:1208)
at org.testng.TestNG.runSuitesLocally(TestNG.java:1137)
at org.testng.TestNG.runSuites(TestNG.java:1049)
at org.testng.TestNG.run(TestNG.java:1017)
at org.testng.remote.AbstractRemoteTestNG.run(AbstractRemoteTestNG.java:114)
at org.testng.remote.RemoteTestNG.initAndRun(RemoteTestNG.java:251)
at org.testng.remote.RemoteTestNG.main(RemoteTestNG.java:77)
]]>
    </error>
  </testcase> <!-- personalize_card -->
</testsuite> <!-- selenium_first_automation.Personalise_card -->
